#
# A fatal error has been detected by the Java Runtime Environment:
#
#  Internal Error (opto/loopnode.hpp:913), pid=9460, tid=1940
#  Error: guarantee(d->_idx < _idom_size) failed
#
# JRE version: OpenJDK Runtime Environment (11.0.10) (build 11.0.10+0-b96-7249189)
# Java VM: OpenJDK 64-Bit Server VM (11.0.10+0-b96-7249189, mixed mode, tiered, compressed oops, g1 gc, windows-amd64)
# No core dump will be written. Minidumps are not enabled by default on client versions of Windows
#
# If you would like to submit a bug report, please visit:
#   https://bugreport.java.com/bugreport/crash.jsp
#

---------------  S U M M A R Y ------------

Command Line: --add-opens=java.base/java.util=ALL-UNNAMED --add-opens=java.base/java.lang=ALL-UNNAMED --add-opens=java.base/java.lang.invoke=ALL-UNNAMED --add-opens=java.base/java.util=ALL-UNNAMED --add-opens=java.prefs/java.util.prefs=ALL-UNNAMED --add-opens=java.prefs/java.util.prefs=ALL-UNNAMED --add-opens=java.base/java.nio.charset=ALL-UNNAMED --add-opens=java.base/java.net=ALL-UNNAMED --add-opens=java.base/java.util.concurrent.atomic=ALL-UNNAMED -Xmx2048m -Dfile.encoding=UTF-8 -Duser.country=US -Duser.language=en -Duser.variant org.gradle.launcher.daemon.bootstrap.GradleDaemon 7.0.2

Host: Intel(R) Core(TM)2 Duo CPU     E6750  @ 2.66GHz, 2 cores, 3G,  Windows 10 , 64 bit Build 17134 (10.0.17134.753)
Time: Mon Sep  6 19:49:21 2021 Bangladesh Standard Time elapsed time: 119.276509 seconds (0d 0h 1m 59s)

---------------  T H R E A D  ---------------

Current thread (0x000001cb06d19800):  JavaThread "C2 CompilerThread0" daemon [_thread_in_native, id=1940, stack(0x000000ae17100000,0x000000ae17200000)]


Current CompileTask:
C2: 119276 13705       4       com.android.aapt.Resources$Entry::writeTo (149 bytes)

Stack: [0x000000ae17100000,0x000000ae17200000]
Native frames: (J=compiled Java code, j=interpreted, Vv=VM code, C=native code)
V  [jvm.dll+0x5ecfaa]
V  [jvm.dll+0x722bd5]
V  [jvm.dll+0x72412d]
V  [jvm.dll+0x724797]
V  [jvm.dll+0x24287c]
V  [jvm.dll+0x509799]
V  [jvm.dll+0x506b40]
V  [jvm.dll+0x506274]
V  [jvm.dll+0x1fc985]
V  [jvm.dll+0x1fa77f]
V  [jvm.dll+0x18354c]
V  [jvm.dll+0x208ee7]
V  [jvm.dll+0x207731]
V  [jvm.dll+0x6eb1cf]
V  [jvm.dll+0x6e3d45]
V  [jvm.dll+0x5ebe96]
C  [ucrtbase.dll+0x1e3fe]
C  [KERNEL32.DLL+0x14034]
C  [ntdll.dll+0x73691]


---------------  P R O C E S S  ---------------

Threads class SMR info:
_java_thread_list=0x000001cb09b79b70, length=44, elements={
0x000001cb6cc40000, 0x000001cb063a9000, 0x000001cb063aa800, 0x000001cb06d10800,
0x000001cb06d11800, 0x000001cb06d12800, 0x000001cb06d19800, 0x000001cb06d1e800,
0x000001cb06d1f800, 0x000001cb06e5f000, 0x000001cb0837e000, 0x000001cb08594800,
0x000001cb07d34800, 0x000001cb07e89800, 0x000001cb078e2800, 0x000001cb0872a000,
0x000001cb0872b800, 0x000001cb0872b000, 0x000001cb099ad000, 0x000001cb099ae000,
0x000001cb099ab800, 0x000001cb099ac800, 0x000001cb099b6000, 0x000001cb099b5800,
0x000001cb099b3800, 0x000001cb099b4800, 0x000001cb099b0800, 0x000001cb099af800,
0x000001cb099b1000, 0x000001cb099af000, 0x000001cb099b3000, 0x000001cb099b9800,
0x000001cb099b8000, 0x000001cb099ba000, 0x000001cb099b8800, 0x000001cb08729000,
0x000001cb0e00b000, 0x000001cb0e008800, 0x000001cb0e009800, 0x000001cb0e00a000,
0x000001cb0e005800, 0x000001cb0e007800, 0x000001cb0e00c000, 0x000001cb0e007000
}

Java Threads: ( => current thread )
  0x000001cb6cc40000 JavaThread "main" [_thread_blocked, id=7540, stack(0x000000ae16500000,0x000000ae16600000)]
  0x000001cb063a9000 JavaThread "Reference Handler" daemon [_thread_blocked, id=6804, stack(0x000000ae16c00000,0x000000ae16d00000)]
  0x000001cb063aa800 JavaThread "Finalizer" daemon [_thread_blocked, id=8024, stack(0x000000ae16d00000,0x000000ae16e00000)]
  0x000001cb06d10800 JavaThread "Signal Dispatcher" daemon [_thread_blocked, id=6340, stack(0x000000ae16e00000,0x000000ae16f00000)]
  0x000001cb06d11800 JavaThread "Attach Listener" daemon [_thread_blocked, id=9848, stack(0x000000ae16f00000,0x000000ae17000000)]
  0x000001cb06d12800 JavaThread "Service Thread" daemon [_thread_blocked, id=7492, stack(0x000000ae17000000,0x000000ae17100000)]
=>0x000001cb06d19800 JavaThread "C2 CompilerThread0" daemon [_thread_in_native, id=1940, stack(0x000000ae17100000,0x000000ae17200000)]
  0x000001cb06d1e800 JavaThread "C1 CompilerThread0" daemon [_thread_blocked, id=8156, stack(0x000000ae17200000,0x000000ae17300000)]
  0x000001cb06d1f800 JavaThread "Sweeper thread" daemon [_thread_blocked, id=9324, stack(0x000000ae17300000,0x000000ae17400000)]
  0x000001cb06e5f000 JavaThread "Common-Cleaner" daemon [_thread_blocked, id=10092, stack(0x000000ae17400000,0x000000ae17500000)]
  0x000001cb0837e000 JavaThread "Daemon health stats" [_thread_blocked, id=4988, stack(0x000000ae17700000,0x000000ae17800000)]
  0x000001cb08594800 JavaThread "Incoming local TCP Connector on port 11391" [_thread_in_native, id=8756, stack(0x000000ae17800000,0x000000ae17900000)]
  0x000001cb07d34800 JavaThread "Daemon periodic checks" [_thread_blocked, id=9668, stack(0x000000ae17900000,0x000000ae17a00000)]
  0x000001cb07e89800 JavaThread "Daemon" [_thread_blocked, id=5656, stack(0x000000ae17a00000,0x000000ae17b00000)]
  0x000001cb078e2800 JavaThread "Daemon worker" [_thread_blocked, id=8452, stack(0x000000ae17d00000,0x000000ae17e00000)]
  0x000001cb0872a000 JavaThread "Cache worker for file hash cache (H:\Apps\codecanyon-25544052-spin-to-win-earn\Android Project\.gradle\5.4.1\caches\7.0.2\fileHashes)" [_thread_blocked, id=10136, stack(0x000000ae18100000,0x000000ae18200000)]
  0x000001cb0872b800 JavaThread "File lock request listener" [_thread_in_native, id=9588, stack(0x000000ae18200000,0x000000ae18300000)]
  0x000001cb0872b000 JavaThread "Cache worker for journal cache (H:\Apps\codecanyon-25544052-spin-to-win-earn\Android Project\.gradle\5.4.1\caches\journal-1)" [_thread_blocked, id=8816, stack(0x000000ae18300000,0x000000ae18400000)]
  0x000001cb099ad000 JavaThread "File watcher server" daemon [_thread_in_native, id=9792, stack(0x000000ae18500000,0x000000ae18600000)]
  0x000001cb099ae000 JavaThread "File watcher consumer" daemon [_thread_blocked, id=7968, stack(0x000000ae18600000,0x000000ae18700000)]
  0x000001cb099ab800 JavaThread "Cache worker for execution history cache (H:\Apps\codecanyon-25544052-spin-to-win-earn\Android Project\.gradle\5.4.1\caches\7.0.2\executionHistory)" [_thread_blocked, id=10072, stack(0x000000ae18a00000,0x000000ae18b00000)]
  0x000001cb099ac800 JavaThread "jar transforms" [_thread_blocked, id=8160, stack(0x000000ae18b00000,0x000000ae18c00000)]
  0x000001cb099b6000 JavaThread "jar transforms Thread 2" [_thread_blocked, id=8204, stack(0x000000ae18c00000,0x000000ae18d00000)]
  0x000001cb099b5800 JavaThread "Cache worker for file content cache (H:\Apps\codecanyon-25544052-spin-to-win-earn\Android Project\.gradle\5.4.1\caches\7.0.2\fileContent)" [_thread_blocked, id=9664, stack(0x000000ae18d00000,0x000000ae18e00000)]
  0x000001cb099b3800 JavaThread "Memory manager" [_thread_blocked, id=1952, stack(0x000000ae19200000,0x000000ae19300000)]
  0x000001cb099b4800 JavaThread "Handler for socket connection from /127.0.0.1:11391 to /127.0.0.1:11401" [_thread_in_native, id=8052, stack(0x000000ae16200000,0x000000ae16300000)]
  0x000001cb099b0800 JavaThread "Cancel handler" [_thread_blocked, id=5636, stack(0x000000ae16300000,0x000000ae16400000)]
  0x000001cb099af800 JavaThread "Asynchronous log dispatcher for DefaultDaemonConnection: socket connection from /127.0.0.1:11391 to /127.0.0.1:11401" [_thread_blocked, id=3972, stack(0x000000ae17c00000,0x000000ae17d00000)]
  0x000001cb099b1000 JavaThread "Stdin handler" [_thread_blocked, id=4856, stack(0x000000ae17e00000,0x000000ae17f00000)]
  0x000001cb099af000 JavaThread "Daemon client event forwarder" [_thread_blocked, id=3724, stack(0x000000ae17f00000,0x000000ae18000000)]
  0x000001cb099b3000 JavaThread "Cache worker for file hash cache (C:\Users\sc\AndroidStudioProjects\CashMafia\.gradle\7.0.2\fileHashes)" [_thread_blocked, id=976, stack(0x000000ae18000000,0x000000ae18100000)]
  0x000001cb099b9800 JavaThread "Cache worker for checksums cache (C:\Users\sc\AndroidStudioProjects\CashMafia\.gradle\checksums)" [_thread_blocked, id=2400, stack(0x000000ae18400000,0x000000ae18500000)]
  0x000001cb099b8000 JavaThread "Cache worker for cache directory md-supplier (H:\Apps\codecanyon-25544052-spin-to-win-earn\Android Project\.gradle\5.4.1\caches\7.0.2\md-supplier)" [_thread_blocked, id=8008, stack(0x000000ae18700000,0x000000ae18800000)]
  0x000001cb099ba000 JavaThread "Cache worker for cache directory md-rule (H:\Apps\codecanyon-25544052-spin-to-win-earn\Android Project\.gradle\5.4.1\caches\7.0.2\md-rule)" [_thread_blocked, id=8900, stack(0x000000ae18800000,0x000000ae18900000)]
  0x000001cb099b8800 JavaThread "Cache worker for dependencies-accessors (C:\Users\sc\AndroidStudioProjects\CashMafia\.gradle\7.0.2\dependencies-accessors)" [_thread_blocked, id=4752, stack(0x000000ae18900000,0x000000ae18a00000)]
  0x000001cb08729000 JavaThread "Cache worker for Build Output Cleanup Cache (C:\Users\sc\AndroidStudioProjects\CashMafia\.gradle\buildOutputCleanup)" [_thread_blocked, id=6656, stack(0x000000ae18e00000,0x000000ae18f00000)]
  0x000001cb0e00b000 JavaThread "Build operations" [_thread_blocked, id=8168, stack(0x000000ae18f00000,0x000000ae19000000)]
  0x000001cb0e008800 JavaThread "Build operations Thread 2" [_thread_blocked, id=2004, stack(0x000000ae19000000,0x000000ae19100000)]
  0x000001cb0e009800 JavaThread "build event listener" [_thread_blocked, id=4220, stack(0x000000ae19100000,0x000000ae19200000)]
  0x000001cb0e00a000 JavaThread "Execution worker for ':'" [_thread_blocked, id=6244, stack(0x000000ae19300000,0x000000ae19400000)]
  0x000001cb0e005800 JavaThread "Cache worker for execution history cache (C:\Users\sc\AndroidStudioProjects\CashMafia\.gradle\7.0.2\executionHistory)" [_thread_blocked, id=6680, stack(0x000000ae19400000,0x000000ae19500000)]
  0x000001cb0e007800 JavaThread "WorkerExecutor Queue" [_thread_in_Java, id=596, stack(0x000000ae19500000,0x000000ae19600000)]
  0x000001cb0e00c000 JavaThread "WorkerExecutor Queue Thread 2" [_thread_in_native, id=10204, stack(0x000000ae19600000,0x000000ae19700000)]
  0x000001cb0e007000 JavaThread "Java2D Disposer" daemon [_thread_blocked, id=6404, stack(0x000000ae19900000,0x000000ae19a00000)]

Other Threads:
  0x000001cb063a5800 VMThread "VM Thread" [stack: 0x000000ae16b00000,0x000000ae16c00000] [id=10088]
  0x000001cb06e91000 WatcherThread [stack: 0x000000ae17500000,0x000000ae17600000] [id=6236]
  0x000001cb6cc54800 GCTaskThread "GC Thread#0" [stack: 0x000000ae16600000,0x000000ae16700000] [id=4736]
  0x000001cb07061800 GCTaskThread "GC Thread#1" [stack: 0x000000ae17600000,0x000000ae17700000] [id=9648]
  0x000001cb6cc85000 ConcurrentGCThread "G1 Main Marker" [stack: 0x000000ae16700000,0x000000ae16800000] [id=3492]
  0x000001cb6cc86800 ConcurrentGCThread "G1 Conc#0" [stack: 0x000000ae16800000,0x000000ae16900000] [id=1352]
  0x000001cb6ccdb000 ConcurrentGCThread "G1 Refine#0" [stack: 0x000000ae16900000,0x000000ae16a00000] [id=9888]
  0x000001cb6ccdc000 ConcurrentGCThread "G1 Young RemSet Sampling" [stack: 0x000000ae16a00000,0x000000ae16b00000] [id=9008]

Threads with active compile tasks:
C2 CompilerThread0 119524 13705       4       com.android.aapt.Resources$Entry::writeTo (149 bytes)
C1 CompilerThread0 119524 13802       2       com.sun.xml.internal.stream.util.ReadOnlyIterator::<init> (15 bytes)

VM state:not at safepoint (normal execution)

VM Mutex/Monitor currently owned by a thread: None

Heap address: 0x0000000080000000, size: 2048 MB, Compressed Oops mode: 32-bit
Narrow klass base: 0x0000000000000000, Narrow klass shift: 3
Compressed class space size: 1073741824 Address: 0x0000000100000000

Heap:
 garbage-first heap   total 199680K, used 112003K [0x0000000080000000, 0x0000000100000000)
  region size 1024K, 25 young (25600K), 2 survivors (2048K)
 Metaspace       used 95203K, capacity 97634K, committed 97956K, reserved 1134592K
  class space    used 11748K, capacity 12601K, committed 12672K, reserved 1048576K
Heap Regions: E=young(eden), S=young(survivor), O=old, HS=humongous(starts), HC=humongous(continues), CS=collection set, F=free, A=archive, TAMS=top-at-mark-start (previous, next)
|   0|0x0000000080000000, 0x0000000080100000, 0x0000000080100000|100%| O|  |TAMS 0x0000000080100000, 0x0000000080000000| Untracked 
|   1|0x0000000080100000, 0x0000000080200000, 0x0000000080200000|100%| O|  |TAMS 0x0000000080200000, 0x0000000080100000| Untracked 
|   2|0x0000000080200000, 0x0000000080300000, 0x0000000080300000|100%| O|  |TAMS 0x0000000080300000, 0x0000000080200000| Untracked 
|   3|0x0000000080300000, 0x0000000080400000, 0x0000000080400000|100%| O|  |TAMS 0x0000000080400000, 0x0000000080300000| Untracked 
|   4|0x0000000080400000, 0x0000000080500000, 0x0000000080500000|100%|HS|  |TAMS 0x0000000080500000, 0x0000000080400000| Complete 
|   5|0x0000000080500000, 0x0000000080600000, 0x0000000080600000|100%|HC|  |TAMS 0x0000000080600000, 0x0000000080500000| Complete 
|   6|0x0000000080600000, 0x0000000080700000, 0x0000000080700000|100%|HC|  |TAMS 0x0000000080700000, 0x0000000080600000| Complete 
|   7|0x0000000080700000, 0x0000000080800000, 0x0000000080800000|100%| O|  |TAMS 0x0000000080800000, 0x0000000080700000| Untracked 
|   8|0x0000000080800000, 0x0000000080900000, 0x0000000080900000|100%| O|  |TAMS 0x0000000080900000, 0x0000000080800000| Untracked 
|   9|0x0000000080900000, 0x0000000080a00000, 0x0000000080a00000|100%| O|  |TAMS 0x0000000080a00000, 0x0000000080900000| Untracked 
|  10|0x0000000080a00000, 0x0000000080b00000, 0x0000000080b00000|100%| O|  |TAMS 0x0000000080b00000, 0x0000000080a00000| Untracked 
|  11|0x0000000080b00000, 0x0000000080c00000, 0x0000000080c00000|100%| O|  |TAMS 0x0000000080c00000, 0x0000000080b00000| Untracked 
|  12|0x0000000080c00000, 0x0000000080d00000, 0x0000000080d00000|100%| O|  |TAMS 0x0000000080d00000, 0x0000000080c00000| Untracked 
|  13|0x0000000080d00000, 0x0000000080e00000, 0x0000000080e00000|100%| O|  |TAMS 0x0000000080e00000, 0x0000000080d00000| Untracked 
|  14|0x0000000080e00000, 0x0000000080f00000, 0x0000000080f00000|100%| O|  |TAMS 0x0000000080f00000, 0x0000000080e00000| Untracked 
|  15|0x0000000080f00000, 0x0000000081000000, 0x0000000081000000|100%| O|  |TAMS 0x0000000081000000, 0x0000000080f00000| Untracked 
|  16|0x0000000081000000, 0x0000000081100000, 0x0000000081100000|100%| O|  |TAMS 0x0000000081100000, 0x0000000081000000| Untracked 
|  17|0x0000000081100000, 0x0000000081200000, 0x0000000081200000|100%| O|  |TAMS 0x0000000081200000, 0x0000000081100000| Untracked 
|  18|0x0000000081200000, 0x0000000081300000, 0x0000000081300000|100%| O|  |TAMS 0x0000000081300000, 0x0000000081200000| Untracked 
|  19|0x0000000081300000, 0x0000000081400000, 0x0000000081400000|100%| O|  |TAMS 0x0000000081400000, 0x0000000081300000| Untracked 
|  20|0x0000000081400000, 0x0000000081500000, 0x0000000081500000|100%| O|  |TAMS 0x0000000081500000, 0x0000000081400000| Untracked 
|  21|0x0000000081500000, 0x0000000081600000, 0x0000000081600000|100%| O|  |TAMS 0x0000000081600000, 0x0000000081500000| Untracked 
|  22|0x0000000081600000, 0x0000000081700000, 0x0000000081700000|100%| O|  |TAMS 0x0000000081700000, 0x0000000081600000| Untracked 
|  23|0x0000000081700000, 0x0000000081800000, 0x0000000081800000|100%| O|  |TAMS 0x0000000081800000, 0x0000000081700000| Untracked 
|  24|0x0000000081800000, 0x0000000081900000, 0x0000000081900000|100%| O|  |TAMS 0x0000000081900000, 0x0000000081800000| Untracked 
|  25|0x0000000081900000, 0x0000000081a00000, 0x0000000081a00000|100%| O|  |TAMS 0x0000000081a00000, 0x0000000081900000| Untracked 
|  26|0x0000000081a00000, 0x0000000081b00000, 0x0000000081b00000|100%|HS|  |TAMS 0x0000000081b00000, 0x0000000081a00000| Complete 
|  27|0x0000000081b00000, 0x0000000081c00000, 0x0000000081c00000|100%|HS|  |TAMS 0x0000000081c00000, 0x0000000081b00000| Complete 
|  28|0x0000000081c00000, 0x0000000081d00000, 0x0000000081d00000|100%| O|  |TAMS 0x0000000081d00000, 0x0000000081c00000| Untracked 
|  29|0x0000000081d00000, 0x0000000081e00000, 0x0000000081e00000|100%| O|  |TAMS 0x0000000081e00000, 0x0000000081d00000| Untracked 
|  30|0x0000000081e00000, 0x0000000081f00000, 0x0000000081f00000|100%| O|  |TAMS 0x0000000081f00000, 0x0000000081e00000| Untracked 
|  31|0x0000000081f00000, 0x0000000082000000, 0x0000000082000000|100%|HS|  |TAMS 0x0000000082000000, 0x0000000081f00000| Complete 
|  32|0x0000000082000000, 0x0000000082100000, 0x0000000082100000|100%|HC|  |TAMS 0x0000000082100000, 0x0000000082000000| Complete 
|  33|0x0000000082100000, 0x0000000082200000, 0x0000000082200000|100%| O|  |TAMS 0x0000000082200000, 0x0000000082100000| Untracked 
|  34|0x0000000082200000, 0x0000000082300000, 0x0000000082300000|100%| O|  |TAMS 0x0000000082300000, 0x0000000082200000| Untracked 
|  35|0x0000000082300000, 0x0000000082400000, 0x0000000082400000|100%| O|  |TAMS 0x0000000082400000, 0x0000000082300000| Untracked 
|  36|0x0000000082400000, 0x0000000082500000, 0x0000000082500000|100%| O|  |TAMS 0x0000000082500000, 0x0000000082400000| Untracked 
|  37|0x0000000082500000, 0x0000000082600000, 0x0000000082600000|100%| O|  |TAMS 0x0000000082600000, 0x0000000082500000| Untracked 
|  38|0x0000000082600000, 0x0000000082700000, 0x0000000082700000|100%| O|  |TAMS 0x0000000082700000, 0x0000000082600000| Untracked 
|  39|0x0000000082700000, 0x0000000082800000, 0x0000000082800000|100%| O|  |TAMS 0x0000000082800000, 0x0000000082700000| Untracked 
|  40|0x0000000082800000, 0x0000000082900000, 0x0000000082900000|100%| O|  |TAMS 0x0000000082900000, 0x0000000082800000| Untracked 
|  41|0x0000000082900000, 0x0000000082a00000, 0x0000000082a00000|100%| O|  |TAMS 0x0000000082a00000, 0x0000000082900000| Untracked 
|  42|0x0000000082a00000, 0x0000000082b00000, 0x0000000082b00000|100%| O|  |TAMS 0x0000000082b00000, 0x0000000082a00000| Untracked 
|  43|0x0000000082b00000, 0x0000000082b00000, 0x0000000082c00000|  0%| F|  |TAMS 0x0000000082b00000, 0x0000000082b00000| Untracked 
|  44|0x0000000082c00000, 0x0000000082d00000, 0x0000000082d00000|100%| O|  |TAMS 0x0000000082d00000, 0x0000000082c00000| Untracked 
|  45|0x0000000082d00000, 0x0000000082e00000, 0x0000000082e00000|100%| O|  |TAMS 0x0000000082e00000, 0x0000000082d00000| Untracked 
|  46|0x0000000082e00000, 0x0000000082f00000, 0x0000000082f00000|100%| O|  |TAMS 0x0000000082f00000, 0x0000000082e00000| Untracked 
|  47|0x0000000082f00000, 0x0000000083000000, 0x0000000083000000|100%| O|  |TAMS 0x0000000083000000, 0x0000000082f00000| Untracked 
|  48|0x0000000083000000, 0x0000000083100000, 0x0000000083100000|100%| O|  |TAMS 0x0000000083100000, 0x0000000083000000| Untracked 
|  49|0x0000000083100000, 0x0000000083200000, 0x0000000083200000|100%| O|  |TAMS 0x0000000083200000, 0x0000000083100000| Untracked 
|  50|0x0000000083200000, 0x0000000083300000, 0x0000000083300000|100%| O|  |TAMS 0x0000000083300000, 0x0000000083200000| Untracked 
|  51|0x0000000083300000, 0x0000000083400000, 0x0000000083400000|100%| O|  |TAMS 0x0000000083400000, 0x0000000083300000| Untracked 
|  52|0x0000000083400000, 0x0000000083500000, 0x0000000083500000|100%| O|  |TAMS 0x0000000083500000, 0x0000000083400000| Untracked 
|  53|0x0000000083500000, 0x0000000083600000, 0x0000000083600000|100%| O|  |TAMS 0x0000000083600000, 0x0000000083500000| Untracked 
|  54|0x0000000083600000, 0x0000000083700000, 0x0000000083700000|100%| O|  |TAMS 0x0000000083700000, 0x0000000083600000| Untracked 
|  55|0x0000000083700000, 0x0000000083800000, 0x0000000083800000|100%| O|  |TAMS 0x0000000083800000, 0x0000000083700000| Untracked 
|  56|0x0000000083800000, 0x0000000083900000, 0x0000000083900000|100%| O|  |TAMS 0x0000000083900000, 0x0000000083800000| Untracked 
|  57|0x0000000083900000, 0x0000000083a00000, 0x0000000083a00000|100%| O|  |TAMS 0x0000000083a00000, 0x0000000083900000| Untracked 
|  58|0x0000000083a00000, 0x0000000083b00000, 0x0000000083b00000|100%| O|  |TAMS 0x0000000083b00000, 0x0000000083a00000| Untracked 
|  59|0x0000000083b00000, 0x0000000083c00000, 0x0000000083c00000|100%| O|  |TAMS 0x0000000083c00000, 0x0000000083b00000| Untracked 
|  60|0x0000000083c00000, 0x0000000083d00000, 0x0000000083d00000|100%| O|  |TAMS 0x0000000083d00000, 0x0000000083c00000| Untracked 
|  61|0x0000000083d00000, 0x0000000083e00000, 0x0000000083e00000|100%| O|  |TAMS 0x0000000083e00000, 0x0000000083d00000| Untracked 
|  62|0x0000000083e00000, 0x0000000083f00000, 0x0000000083f00000|100%| O|  |TAMS 0x0000000083f00000, 0x0000000083e00000| Untracked 
|  63|0x0000000083f00000, 0x0000000084000000, 0x0000000084000000|100%| O|  |TAMS 0x0000000084000000, 0x0000000083f00000| Untracked 
|  64|0x0000000084000000, 0x0000000084100000, 0x0000000084100000|100%| O|  |TAMS 0x0000000084100000, 0x0000000084000000| Untracked 
|  65|0x0000000084100000, 0x0000000084200000, 0x0000000084200000|100%| O|  |TAMS 0x0000000084200000, 0x0000000084100000| Untracked 
|  66|0x0000000084200000, 0x0000000084300000, 0x0000000084300000|100%| O|  |TAMS 0x0000000084300000, 0x0000000084200000| Untracked 
|  67|0x0000000084300000, 0x0000000084400000, 0x0000000084400000|100%| O|  |TAMS 0x0000000084400000, 0x0000000084300000| Untracked 
|  68|0x0000000084400000, 0x0000000084500000, 0x0000000084500000|100%| O|  |TAMS 0x0000000084500000, 0x0000000084400000| Untracked 
|  69|0x0000000084500000, 0x0000000084600000, 0x0000000084600000|100%| O|  |TAMS 0x0000000084600000, 0x0000000084500000| Untracked 
|  70|0x0000000084600000, 0x0000000084700000, 0x0000000084700000|100%| O|  |TAMS 0x0000000084700000, 0x0000000084600000| Untracked 
|  71|0x0000000084700000, 0x0000000084700000, 0x0000000084800000|  0%| F|  |TAMS 0x0000000084700000, 0x0000000084700000| Untracked 
|  72|0x0000000084800000, 0x0000000084900000, 0x0000000084900000|100%| O|  |TAMS 0x0000000084800000, 0x0000000084800000| Untracked 
|  73|0x0000000084900000, 0x0000000084900000, 0x0000000084a00000|  0%| F|  |TAMS 0x0000000084900000, 0x0000000084900000| Untracked 
|  74|0x0000000084a00000, 0x0000000084b00000, 0x0000000084b00000|100%| O|  |TAMS 0x0000000084b00000, 0x0000000084a00000| Untracked 
|  75|0x0000000084b00000, 0x0000000084c00000, 0x0000000084c00000|100%| O|  |TAMS 0x0000000084c00000, 0x0000000084b00000| Untracked 
|  76|0x0000000084c00000, 0x0000000084d00000, 0x0000000084d00000|100%| O|  |TAMS 0x0000000084d00000, 0x0000000084c00000| Untracked 
|  77|0x0000000084d00000, 0x0000000084e00000, 0x0000000084e00000|100%| O|  |TAMS 0x0000000084e00000, 0x0000000084d00000| Untracked 
|  78|0x0000000084e00000, 0x0000000084e00000, 0x0000000084f00000|  0%| F|  |TAMS 0x0000000084e00000, 0x0000000084e00000| Untracked 
|  79|0x0000000084f00000, 0x0000000085000000, 0x0000000085000000|100%| O|  |TAMS 0x0000000084f00000, 0x0000000084f00000| Untracked 
|  80|0x0000000085000000, 0x0000000085100000, 0x0000000085100000|100%| O|  |TAMS 0x0000000085000000, 0x0000000085000000| Untracked 
|  81|0x0000000085100000, 0x0000000085200000, 0x0000000085200000|100%| O|  |TAMS 0x0000000085100000, 0x0000000085100000| Untracked 
|  82|0x0000000085200000, 0x0000000085234e00, 0x0000000085300000| 20%| O|  |TAMS 0x0000000085200000, 0x0000000085200000| Untracked 
|  83|0x0000000085300000, 0x0000000085300000, 0x0000000085400000|  0%| F|  |TAMS 0x0000000085300000, 0x0000000085300000| Untracked 
|  84|0x0000000085400000, 0x0000000085400000, 0x0000000085500000|  0%| F|  |TAMS 0x0000000085400000, 0x0000000085400000| Untracked 
|  85|0x0000000085500000, 0x0000000085500000, 0x0000000085600000|  0%| F|  |TAMS 0x0000000085500000, 0x0000000085500000| Untracked 
|  86|0x0000000085600000, 0x0000000085600000, 0x0000000085700000|  0%| F|  |TAMS 0x0000000085600000, 0x0000000085600000| Untracked 
|  87|0x0000000085700000, 0x0000000085700000, 0x0000000085800000|  0%| F|  |TAMS 0x0000000085700000, 0x0000000085700000| Untracked 
|  88|0x0000000085800000, 0x0000000085800000, 0x0000000085900000|  0%| F|  |TAMS 0x0000000085800000, 0x0000000085800000| Untracked 
|  89|0x0000000085900000, 0x0000000085900000, 0x0000000085a00000|  0%| F|  |TAMS 0x0000000085900000, 0x0000000085900000| Untracked 
|  90|0x0000000085a00000, 0x0000000085a00000, 0x0000000085b00000|  0%| F|  |TAMS 0x0000000085a00000, 0x0000000085a00000| Untracked 
|  91|0x0000000085b00000, 0x0000000085b00000, 0x0000000085c00000|  0%| F|  |TAMS 0x0000000085b00000, 0x0000000085b00000| Untracked 
|  92|0x0000000085c00000, 0x0000000085c00000, 0x0000000085d00000|  0%| F|  |TAMS 0x0000000085c00000, 0x0000000085c00000| Untracked 
|  93|0x0000000085d00000, 0x0000000085d00000, 0x0000000085e00000|  0%| F|  |TAMS 0x0000000085d00000, 0x0000000085d00000| Untracked 
|  94|0x0000000085e00000, 0x0000000085e00000, 0x0000000085f00000|  0%| F|  |TAMS 0x0000000085e00000, 0x0000000085e00000| Untracked 
|  95|0x0000000085f00000, 0x0000000086000000, 0x0000000086000000|100%| O|  |TAMS 0x0000000086000000, 0x0000000085f00000| Untracked 
|  96|0x0000000086000000, 0x0000000086000000, 0x0000000086100000|  0%| F|  |TAMS 0x0000000086000000, 0x0000000086000000| Untracked 
|  97|0x0000000086100000, 0x0000000086200000, 0x0000000086200000|100%| O|  |TAMS 0x0000000086200000, 0x0000000086100000| Untracked 
|  98|0x0000000086200000, 0x0000000086200000, 0x0000000086300000|  0%| F|  |TAMS 0x0000000086200000, 0x0000000086200000| Untracked 
|  99|0x0000000086300000, 0x0000000086400000, 0x0000000086400000|100%| O|  |TAMS 0x0000000086400000, 0x0000000086300000| Untracked 
| 100|0x0000000086400000, 0x0000000086500000, 0x0000000086500000|100%| O|  |TAMS 0x0000000086500000, 0x0000000086400000| Untracked 
| 101|0x0000000086500000, 0x0000000086600000, 0x0000000086600000|100%| O|  |TAMS 0x0000000086600000, 0x0000000086500000| Untracked 
| 102|0x0000000086600000, 0x0000000086700000, 0x0000000086700000|100%| O|  |TAMS 0x0000000086700000, 0x0000000086600000| Untracked 
| 103|0x0000000086700000, 0x0000000086700000, 0x0000000086800000|  0%| F|  |TAMS 0x0000000086700000, 0x0000000086700000| Untracked 
| 104|0x0000000086800000, 0x0000000086800000, 0x0000000086900000|  0%| F|  |TAMS 0x0000000086800000, 0x0000000086800000| Untracked 
| 105|0x0000000086900000, 0x0000000086900000, 0x0000000086a00000|  0%| F|  |TAMS 0x0000000086900000, 0x0000000086900000| Untracked 
| 106|0x0000000086a00000, 0x0000000086b00000, 0x0000000086b00000|100%| O|  |TAMS 0x0000000086b00000, 0x0000000086a00000| Untracked 
| 107|0x0000000086b00000, 0x0000000086c00000, 0x0000000086c00000|100%| O|  |TAMS 0x0000000086b90a00, 0x0000000086b00000| Untracked 
| 108|0x0000000086c00000, 0x0000000086c00000, 0x0000000086d00000|  0%| F|  |TAMS 0x0000000086c00000, 0x0000000086c00000| Untracked 
| 109|0x0000000086d00000, 0x0000000086d00000, 0x0000000086e00000|  0%| F|  |TAMS 0x0000000086d00000, 0x0000000086d00000| Untracked 
| 110|0x0000000086e00000, 0x0000000086e00000, 0x0000000086f00000|  0%| F|  |TAMS 0x0000000086e00000, 0x0000000086e00000| Untracked 
| 111|0x0000000086f00000, 0x0000000086f00000, 0x0000000087000000|  0%| F|  |TAMS 0x0000000086f00000, 0x0000000086f00000| Untracked 
| 112|0x0000000087000000, 0x0000000087000000, 0x0000000087100000|  0%| F|  |TAMS 0x0000000087000000, 0x0000000087000000| Untracked 
| 113|0x0000000087100000, 0x0000000087100000, 0x0000000087200000|  0%| F|  |TAMS 0x0000000087100000, 0x0000000087100000| Untracked 
| 114|0x0000000087200000, 0x0000000087200000, 0x0000000087300000|  0%| F|  |TAMS 0x0000000087200000, 0x0000000087200000| Untracked 
| 115|0x0000000087300000, 0x0000000087300000, 0x0000000087400000|  0%| F|  |TAMS 0x0000000087300000, 0x0000000087300000| Untracked 
| 116|0x0000000087400000, 0x0000000087400000, 0x0000000087500000|  0%| F|  |TAMS 0x0000000087400000, 0x0000000087400000| Untracked 
| 117|0x0000000087500000, 0x0000000087500000, 0x0000000087600000|  0%| F|  |TAMS 0x0000000087500000, 0x0000000087500000| Untracked 
| 118|0x0000000087600000, 0x0000000087600000, 0x0000000087700000|  0%| F|  |TAMS 0x0000000087600000, 0x0000000087600000| Untracked 
| 119|0x0000000087700000, 0x0000000087700000, 0x0000000087800000|  0%| F|  |TAMS 0x0000000087700000, 0x0000000087700000| Untracked 
| 120|0x0000000087800000, 0x0000000087800000, 0x0000000087900000|  0%| F|  |TAMS 0x0000000087800000, 0x0000000087800000| Untracked 
| 121|0x0000000087900000, 0x0000000087900000, 0x0000000087a00000|  0%| F|  |TAMS 0x0000000087900000, 0x0000000087900000| Untracked 
| 122|0x0000000087a00000, 0x0000000087a00000, 0x0000000087b00000|  0%| F|  |TAMS 0x0000000087a00000, 0x0000000087a00000| Untracked 
| 123|0x0000000087b00000, 0x0000000087b00000, 0x0000000087c00000|  0%| F|  |TAMS 0x0000000087b00000, 0x0000000087b00000| Untracked 
| 124|0x0000000087c00000, 0x0000000087c00000, 0x0000000087d00000|  0%| F|  |TAMS 0x0000000087c00000, 0x0000000087c00000| Untracked 
| 125|0x0000000087d00000, 0x0000000087d00000, 0x0000000087e00000|  0%| F|  |TAMS 0x0000000087d00000, 0x0000000087d00000| Untracked 
| 126|0x0000000087e00000, 0x0000000087e00000, 0x0000000087f00000|  0%| F|  |TAMS 0x0000000087e00000, 0x0000000087e00000| Untracked 
| 127|0x0000000087f00000, 0x0000000087f00000, 0x0000000088000000|  0%| F|  |TAMS 0x0000000087f00000, 0x0000000087f00000| Untracked 
| 128|0x0000000088000000, 0x0000000088000000, 0x0000000088100000|  0%| F|  |TAMS 0x0000000088000000, 0x0000000088000000| Untracked 
| 129|0x0000000088100000, 0x0000000088100000, 0x0000000088200000|  0%| F|  |TAMS 0x0000000088100000, 0x0000000088100000| Untracked 
| 130|0x0000000088200000, 0x0000000088200000, 0x0000000088300000|  0%| F|  |TAMS 0x0000000088200000, 0x0000000088200000| Untracked 
| 131|0x0000000088300000, 0x0000000088300000, 0x0000000088400000|  0%| F|  |TAMS 0x0000000088300000, 0x0000000088300000| Untracked 
| 132|0x0000000088400000, 0x0000000088400000, 0x0000000088500000|  0%| F|  |TAMS 0x0000000088400000, 0x0000000088400000| Untracked 
| 133|0x0000000088500000, 0x0000000088500000, 0x0000000088600000|  0%| F|  |TAMS 0x0000000088500000, 0x0000000088500000| Untracked 
| 134|0x0000000088600000, 0x0000000088600000, 0x0000000088700000|  0%| F|  |TAMS 0x0000000088600000, 0x0000000088600000| Untracked 
| 135|0x0000000088700000, 0x0000000088700000, 0x0000000088800000|  0%| F|  |TAMS 0x0000000088700000, 0x0000000088700000| Untracked 
| 136|0x0000000088800000, 0x0000000088800000, 0x0000000088900000|  0%| F|  |TAMS 0x0000000088800000, 0x0000000088800000| Untracked 
| 137|0x0000000088900000, 0x0000000088900000, 0x0000000088a00000|  0%| F|  |TAMS 0x0000000088900000, 0x0000000088900000| Untracked 
| 138|0x0000000088a00000, 0x0000000088a00000, 0x0000000088b00000|  0%| F|  |TAMS 0x0000000088a00000, 0x0000000088a00000| Untracked 
| 139|0x0000000088b00000, 0x0000000088b00000, 0x0000000088c00000|  0%| F|  |TAMS 0x0000000088b00000, 0x0000000088b00000| Untracked 
| 140|0x0000000088c00000, 0x0000000088c00000, 0x0000000088d00000|  0%| F|  |TAMS 0x0000000088c00000, 0x0000000088c00000| Untracked 
| 141|0x0000000088d00000, 0x0000000088d00000, 0x0000000088e00000|  0%| F|  |TAMS 0x0000000088d00000, 0x0000000088d00000| Untracked 
| 142|0x0000000088e00000, 0x0000000088e00000, 0x0000000088f00000|  0%| F|  |TAMS 0x0000000088e00000, 0x0000000088e00000| Untracked 
| 143|0x0000000088f00000, 0x0000000088f00000, 0x0000000089000000|  0%| F|  |TAMS 0x0000000088f00000, 0x0000000088f00000| Untracked 
| 144|0x0000000089000000, 0x0000000089000000, 0x0000000089100000|  0%| F|  |TAMS 0x0000000089000000, 0x0000000089000000| Untracked 
| 145|0x0000000089100000, 0x000000008912bf70, 0x0000000089200000| 17%| S|CS|TAMS 0x0000000089100000, 0x0000000089100000| Complete 
| 146|0x0000000089200000, 0x0000000089300000, 0x0000000089300000|100%| S|CS|TAMS 0x0000000089200000, 0x0000000089200000| Complete 
| 147|0x0000000089300000, 0x0000000089300000, 0x0000000089400000|  0%| F|  |TAMS 0x0000000089300000, 0x0000000089300000| Untracked 
| 148|0x0000000089400000, 0x0000000089400000, 0x0000000089500000|  0%| F|  |TAMS 0x0000000089400000, 0x0000000089400000| Untracked 
| 149|0x0000000089500000, 0x0000000089500000, 0x0000000089600000|  0%| F|  |TAMS 0x0000000089500000, 0x0000000089500000| Untracked 
| 150|0x0000000089600000, 0x0000000089600000, 0x0000000089700000|  0%| F|  |TAMS 0x0000000089600000, 0x0000000089600000| Untracked 
| 151|0x0000000089700000, 0x0000000089700000, 0x0000000089800000|  0%| F|  |TAMS 0x0000000089700000, 0x0000000089700000| Untracked 
| 152|0x0000000089800000, 0x0000000089800000, 0x0000000089900000|  0%| F|  |TAMS 0x0000000089800000, 0x0000000089800000| Untracked 
| 153|0x0000000089900000, 0x0000000089900000, 0x0000000089a00000|  0%| F|  |TAMS 0x0000000089900000, 0x0000000089900000| Untracked 
| 154|0x0000000089a00000, 0x0000000089a00000, 0x0000000089b00000|  0%| F|  |TAMS 0x0000000089a00000, 0x0000000089a00000| Untracked 
| 155|0x0000000089b00000, 0x0000000089b00000, 0x0000000089c00000|  0%| F|  |TAMS 0x0000000089b00000, 0x0000000089b00000| Untracked 
| 156|0x0000000089c00000, 0x0000000089c00000, 0x0000000089d00000|  0%| F|  |TAMS 0x0000000089c00000, 0x0000000089c00000| Untracked 
| 157|0x0000000089d00000, 0x0000000089d00000, 0x0000000089e00000|  0%| F|  |TAMS 0x0000000089d00000, 0x0000000089d00000| Untracked 
| 158|0x0000000089e00000, 0x0000000089e00000, 0x0000000089f00000|  0%| F|  |TAMS 0x0000000089e00000, 0x0000000089e00000| Untracked 
| 159|0x0000000089f00000, 0x0000000089f00000, 0x000000008a000000|  0%| F|  |TAMS 0x0000000089f00000, 0x0000000089f00000| Untracked 
| 160|0x000000008a000000, 0x000000008a000000, 0x000000008a100000|  0%| F|  |TAMS 0x000000008a000000, 0x000000008a000000| Untracked 
| 161|0x000000008a100000, 0x000000008a100000, 0x000000008a200000|  0%| F|  |TAMS 0x000000008a100000, 0x000000008a100000| Untracked 
| 162|0x000000008a200000, 0x000000008a200000, 0x000000008a300000|  0%| F|  |TAMS 0x000000008a200000, 0x000000008a200000| Untracked 
| 163|0x000000008a300000, 0x000000008a300000, 0x000000008a400000|  0%| F|  |TAMS 0x000000008a300000, 0x000000008a300000| Untracked 
| 164|0x000000008a400000, 0x000000008a400000, 0x000000008a500000|  0%| F|  |TAMS 0x000000008a400000, 0x000000008a400000| Untracked 
| 165|0x000000008a500000, 0x000000008a500000, 0x000000008a600000|  0%| F|  |TAMS 0x000000008a500000, 0x000000008a500000| Untracked 
| 166|0x000000008a600000, 0x000000008a600000, 0x000000008a700000|  0%| F|  |TAMS 0x000000008a600000, 0x000000008a600000| Untracked 
| 167|0x000000008a700000, 0x000000008a700000, 0x000000008a800000|  0%| F|  |TAMS 0x000000008a700000, 0x000000008a700000| Untracked 
| 168|0x000000008a800000, 0x000000008a800000, 0x000000008a900000|  0%| F|  |TAMS 0x000000008a800000, 0x000000008a800000| Untracked 
| 169|0x000000008a900000, 0x000000008a900000, 0x000000008aa00000|  0%| F|  |TAMS 0x000000008a900000, 0x000000008a900000| Untracked 
| 170|0x000000008aa00000, 0x000000008aa00000, 0x000000008ab00000|  0%| F|  |TAMS 0x000000008aa00000, 0x000000008aa00000| Untracked 
| 171|0x000000008ab00000, 0x000000008ab00000, 0x000000008ac00000|  0%| F|  |TAMS 0x000000008ab00000, 0x000000008ab00000| Untracked 
| 172|0x000000008ac00000, 0x000000008ac8fe90, 0x000000008ad00000| 56%| E|  |TAMS 0x000000008ac00000, 0x000000008ac00000| Complete 
| 173|0x000000008ad00000, 0x000000008ae00000, 0x000000008ae00000|100%| E|CS|TAMS 0x000000008ad00000, 0x000000008ad00000| Complete 
| 174|0x000000008ae00000, 0x000000008af00000, 0x000000008af00000|100%| E|CS|TAMS 0x000000008ae00000, 0x000000008ae00000| Complete 
| 175|0x000000008af00000, 0x000000008b000000, 0x000000008b000000|100%| E|CS|TAMS 0x000000008af00000, 0x000000008af00000| Complete 
| 176|0x000000008b000000, 0x000000008b100000, 0x000000008b100000|100%| E|CS|TAMS 0x000000008b000000, 0x000000008b000000| Complete 
| 177|0x000000008b100000, 0x000000008b200000, 0x000000008b200000|100%| E|CS|TAMS 0x000000008b100000, 0x000000008b100000| Complete 
| 178|0x000000008b200000, 0x000000008b300000, 0x000000008b300000|100%| E|CS|TAMS 0x000000008b200000, 0x000000008b200000| Complete 
| 179|0x000000008b300000, 0x000000008b400000, 0x000000008b400000|100%| E|CS|TAMS 0x000000008b300000, 0x000000008b300000| Complete 
| 180|0x000000008b400000, 0x000000008b500000, 0x000000008b500000|100%| E|CS|TAMS 0x000000008b400000, 0x000000008b400000| Complete 
| 181|0x000000008b500000, 0x000000008b600000, 0x000000008b600000|100%| E|CS|TAMS 0x000000008b500000, 0x000000008b500000| Complete 
| 182|0x000000008b600000, 0x000000008b700000, 0x000000008b700000|100%| E|CS|TAMS 0x000000008b600000, 0x000000008b600000| Complete 
| 183|0x000000008b700000, 0x000000008b800000, 0x000000008b800000|100%| E|CS|TAMS 0x000000008b700000, 0x000000008b700000| Complete 
| 184|0x000000008b800000, 0x000000008b900000, 0x000000008b900000|100%| E|CS|TAMS 0x000000008b800000, 0x000000008b800000| Complete 
| 185|0x000000008b900000, 0x000000008ba00000, 0x000000008ba00000|100%| E|CS|TAMS 0x000000008b900000, 0x000000008b900000| Complete 
| 186|0x000000008ba00000, 0x000000008bb00000, 0x000000008bb00000|100%| E|CS|TAMS 0x000000008ba00000, 0x000000008ba00000| Complete 
| 187|0x000000008bb00000, 0x000000008bc00000, 0x000000008bc00000|100%| E|CS|TAMS 0x000000008bb00000, 0x000000008bb00000| Complete 
| 188|0x000000008bc00000, 0x000000008bd00000, 0x000000008bd00000|100%| E|CS|TAMS 0x000000008bc00000, 0x000000008bc00000| Complete 
| 189|0x000000008bd00000, 0x000000008be00000, 0x000000008be00000|100%| E|CS|TAMS 0x000000008bd00000, 0x000000008bd00000| Complete 
| 190|0x000000008be00000, 0x000000008bf00000, 0x000000008bf00000|100%| E|CS|TAMS 0x000000008be00000, 0x000000008be00000| Complete 
| 191|0x000000008bf00000, 0x000000008c000000, 0x000000008c000000|100%| E|CS|TAMS 0x000000008bf00000, 0x000000008bf00000| Complete 
| 192|0x000000008c000000, 0x000000008c100000, 0x000000008c100000|100%| E|CS|TAMS 0x000000008c000000, 0x000000008c000000| Complete 
| 193|0x000000008c100000, 0x000000008c200000, 0x000000008c200000|100%| E|CS|TAMS 0x000000008c100000, 0x000000008c100000| Complete 
| 194|0x000000008c200000, 0x000000008c300000, 0x000000008c300000|100%| E|CS|TAMS 0x000000008c200000, 0x000000008c200000| Complete 

Card table byte_map: [0x000001cb7f720000,0x000001cb7fb20000] _byte_map_base: 0x000001cb7f320000

Marking Bits (Prev, Next): (CMBitMap*) 0x000001cb6cc7c600, (CMBitMap*) 0x000001cb6cc7c5c8
 Prev Bits: [0x000001cb02000000, 0x000001cb04000000)
 Next Bits: [0x000001cb00000000, 0x000001cb02000000)

Polling page: 0x000001cb6aba0000

Metaspace:

Usage:
  Non-class:     83.04 MB capacity,    81.50 MB ( 98%) used,     1.28 MB (  2%) free+waste,   265.06 KB ( <1%) overhead. 
      Class:     12.31 MB capacity,    11.47 MB ( 93%) used,   736.05 KB (  6%) free+waste,   116.38 KB ( <1%) overhead. 
       Both:     95.35 MB capacity,    92.98 MB ( 98%) used,     2.00 MB (  2%) free+waste,   381.44 KB ( <1%) overhead. 

Virtual space:
  Non-class space:       84.00 MB reserved,      83.29 MB (>99%) committed 
      Class space:        1.00 GB reserved,      12.38 MB (  1%) committed 
             Both:        1.08 GB reserved,      95.66 MB (  9%) committed 

Chunk freelists:
   Non-Class:  59.00 KB
       Class:  7.00 KB
        Both:  66.00 KB

MaxMetaspaceSize: 17179869184.00 GB
CompressedClassSpaceSize: 1.00 GB

CodeHeap 'non-profiled nmethods': size=120064Kb used=8172Kb max_used=8172Kb free=111891Kb
 bounds [0x000001cb781e0000, 0x000001cb789e0000, 0x000001cb7f720000]
CodeHeap 'profiled nmethods': size=120000Kb used=31305Kb max_used=31305Kb free=88695Kb
 bounds [0x000001cb70cb0000, 0x000001cb72b50000, 0x000001cb781e0000]
CodeHeap 'non-nmethods': size=5696Kb used=2351Kb max_used=2390Kb free=3344Kb
 bounds [0x000001cb70720000, 0x000001cb70990000, 0x000001cb70cb0000]
 total_blobs=14675 nmethods=13675 adapters=911
 compilation: enabled
              stopped_count=0, restarted_count=0
 full_count=0

Compilation events (20 events):
Event: 119.130 Thread 0x000001cb06d1e800 13730       3       com.sun.org.apache.xerces.internal.impl.XMLEntityScanner::getXMLVersion (17 bytes)
Event: 119.130 Thread 0x000001cb06d1e800 nmethod 13730 0x000001cb72b1b610 code [0x000001cb72b1b7c0, 0x000001cb72b1b918]
Event: 119.148 Thread 0x000001cb06d1e800 13731       3       org.gradle.api.logging.Logging::getLogger (8 bytes)
Event: 119.148 Thread 0x000001cb06d1e800 nmethod 13731 0x000001cb72b1ba10 code [0x000001cb72b1bbe0, 0x000001cb72b1bde8]
Event: 119.160 Thread 0x000001cb06d1e800 13732       3       com.sun.org.apache.xerces.internal.impl.io.UTF8Reader::<init> (65 bytes)
Event: 119.160 Thread 0x000001cb06d1e800 nmethod 13732 0x000001cb72b1be90 code [0x000001cb72b1c080, 0x000001cb72b1c678]
Event: 119.161 Thread 0x000001cb06d1e800 13733       1       com.sun.org.apache.xerces.internal.impl.XMLEntityManager::getCurrentEntity (5 bytes)
Event: 119.161 Thread 0x000001cb06d1e800 nmethod 13733 0x000001cb789cf990 code [0x000001cb789cfb40, 0x000001cb789cfbf8]
Event: 119.164 Thread 0x000001cb06d1e800 13734       3       java.lang.Integer::compareTo (9 bytes)
Event: 119.165 Thread 0x000001cb06d1e800 nmethod 13734 0x000001cb72b1c810 code [0x000001cb72b1c9e0, 0x000001cb72b1cd58]
Event: 119.200 Thread 0x000001cb06d1e800 13735       3       com.sun.org.apache.xerces.internal.impl.XMLScanner::scanPseudoAttribute (360 bytes)
Event: 119.203 Thread 0x000001cb06d1e800 nmethod 13735 0x000001cb72b1ce90 code [0x000001cb72b1d2e0, 0x000001cb72b1f798]
Event: 119.206 Thread 0x000001cb06d1e800 13737       3       com.sun.org.apache.xerces.internal.impl.io.UTF8Reader::read (1443 bytes)
Event: 119.210 Thread 0x000001cb06d1e800 nmethod 13737 0x000001cb72b20210 code [0x000001cb72b206a0, 0x000001cb72b233b8]
Event: 119.222 Thread 0x000001cb06d19800 nmethod 13702 0x000001cb789cfc90 code [0x000001cb789d0180, 0x000001cb789d5758]
Event: 119.222 Thread 0x000001cb06d19800 13705       4       com.android.aapt.Resources$Entry::writeTo (149 bytes)
Event: 119.235 Thread 0x000001cb06d1e800 13738       3       com.android.aapt.Resources$Plural$Entry::getCommentBytes (32 bytes)
Event: 119.236 Thread 0x000001cb06d1e800 nmethod 13738 0x000001cb72b24710 code [0x000001cb72b24940, 0x000001cb72b252b8]
Event: 119.236 Thread 0x000001cb06d1e800 13739       3       com.android.aapt.Resources$Plural$Entry::getItem (18 bytes)
Event: 119.236 Thread 0x000001cb06d1e800 nmethod 13739 0x000001cb72b25590 code [0x000001cb72b25740, 0x000001cb72b258f8]

GC Heap History (20 events):
Event: 112.369 GC heap before
{Heap before GC invocations=52 (full 0):
 garbage-first heap   total 165888K, used 129226K [0x0000000080000000, 0x0000000100000000)
  region size 1024K, 26 young (26624K), 1 survivors (1024K)
 Metaspace       used 90102K, capacity 92467K, committed 92708K, reserved 1130496K
  class space    used 11363K, capacity 12200K, committed 12288K, reserved 1048576K
}
Event: 112.377 GC heap after
{Heap after GC invocations=53 (full 0):
 garbage-first heap   total 165888K, used 103758K [0x0000000080000000, 0x0000000100000000)
  region size 1024K, 1 young (1024K), 1 survivors (1024K)
 Metaspace       used 90102K, capacity 92467K, committed 92708K, reserved 1130496K
  class space    used 11363K, capacity 12200K, committed 12288K, reserved 1048576K
}
Event: 112.672 GC heap before
{Heap before GC invocations=53 (full 0):
 garbage-first heap   total 165888K, used 130382K [0x0000000080000000, 0x0000000100000000)
  region size 1024K, 27 young (27648K), 1 survivors (1024K)
 Metaspace       used 90112K, capacity 92467K, committed 92708K, reserved 1130496K
  class space    used 11363K, capacity 12200K, committed 12288K, reserved 1048576K
}
Event: 112.677 GC heap after
{Heap after GC invocations=54 (full 0):
 garbage-first heap   total 165888K, used 103601K [0x0000000080000000, 0x0000000100000000)
  region size 1024K, 1 young (1024K), 1 survivors (1024K)
 Metaspace       used 90112K, capacity 92467K, committed 92708K, reserved 1130496K
  class space    used 11363K, capacity 12200K, committed 12288K, reserved 1048576K
}
Event: 113.145 GC heap before
{Heap before GC invocations=55 (full 0):
 garbage-first heap   total 165888K, used 109745K [0x0000000080000000, 0x0000000100000000)
  region size 1024K, 8 young (8192K), 1 survivors (1024K)
 Metaspace       used 90225K, capacity 92601K, committed 92708K, reserved 1130496K
  class space    used 11371K, capacity 12202K, committed 12288K, reserved 1048576K
}
Event: 113.164 GC heap after
{Heap after GC invocations=56 (full 0):
 garbage-first heap   total 165888K, used 108310K [0x0000000080000000, 0x0000000100000000)
  region size 1024K, 4 young (4096K), 4 survivors (4096K)
 Metaspace       used 90225K, capacity 92601K, committed 92708K, reserved 1130496K
  class space    used 11371K, capacity 12202K, committed 12288K, reserved 1048576K
}
Event: 113.726 GC heap before
{Heap before GC invocations=57 (full 0):
 garbage-first heap   total 165888K, used 109334K [0x0000000080000000, 0x0000000100000000)
  region size 1024K, 5 young (5120K), 4 survivors (4096K)
 Metaspace       used 90225K, capacity 92601K, committed 92708K, reserved 1130496K
  class space    used 11371K, capacity 12202K, committed 12288K, reserved 1048576K
}
Event: 113.743 GC heap after
{Heap after GC invocations=58 (full 0):
 garbage-first heap   total 165888K, used 109425K [0x0000000080000000, 0x0000000100000000)
  region size 1024K, 1 young (1024K), 1 survivors (1024K)
 Metaspace       used 90225K, capacity 92601K, committed 92708K, reserved 1130496K
  class space    used 11371K, capacity 12202K, committed 12288K, reserved 1048576K
}
Event: 114.351 GC heap before
{Heap before GC invocations=59 (full 0):
 garbage-first heap   total 165888K, used 111473K [0x0000000080000000, 0x0000000100000000)
  region size 1024K, 2 young (2048K), 1 survivors (1024K)
 Metaspace       used 90225K, capacity 92601K, committed 92708K, reserved 1130496K
  class space    used 11371K, capacity 12202K, committed 12288K, reserved 1048576K
}
Event: 114.355 GC heap after
{Heap after GC invocations=60 (full 0):
 garbage-first heap   total 165888K, used 110029K [0x0000000080000000, 0x0000000100000000)
  region size 1024K, 1 young (1024K), 1 survivors (1024K)
 Metaspace       used 90225K, capacity 92601K, committed 92708K, reserved 1130496K
  class space    used 11371K, capacity 12202K, committed 12288K, reserved 1048576K
}
Event: 115.155 GC heap before
{Heap before GC invocations=61 (full 0):
 garbage-first heap   total 165888K, used 138701K [0x0000000080000000, 0x0000000100000000)
  region size 1024K, 18 young (18432K), 1 survivors (1024K)
 Metaspace       used 90630K, capacity 93026K, committed 93220K, reserved 1130496K
  class space    used 11402K, capacity 12248K, committed 12288K, reserved 1048576K
}
Event: 115.163 GC heap after
{Heap after GC invocations=62 (full 0):
 garbage-first heap   total 165888K, used 114259K [0x0000000080000000, 0x0000000100000000)
  region size 1024K, 3 young (3072K), 3 survivors (3072K)
 Metaspace       used 90630K, capacity 93026K, committed 93220K, reserved 1130496K
  class space    used 11402K, capacity 12248K, committed 12288K, reserved 1048576K
}
Event: 115.873 GC heap before
{Heap before GC invocations=62 (full 0):
 garbage-first heap   total 165888K, used 129619K [0x0000000080000000, 0x0000000100000000)
  region size 1024K, 19 young (19456K), 3 survivors (3072K)
 Metaspace       used 91813K, capacity 94210K, committed 94372K, reserved 1132544K
  class space    used 11487K, capacity 12313K, committed 12416K, reserved 1048576K
}
Event: 115.887 GC heap after
{Heap after GC invocations=63 (full 0):
 garbage-first heap   total 165888K, used 116854K [0x0000000080000000, 0x0000000100000000)
  region size 1024K, 3 young (3072K), 3 survivors (3072K)
 Metaspace       used 91813K, capacity 94210K, committed 94372K, reserved 1132544K
  class space    used 11487K, capacity 12313K, committed 12416K, reserved 1048576K
}
Event: 116.987 GC heap before
{Heap before GC invocations=64 (full 0):
 garbage-first heap   total 165888K, used 114806K [0x0000000080000000, 0x0000000100000000)
  region size 1024K, 19 young (19456K), 3 survivors (3072K)
 Metaspace       used 93717K, capacity 96066K, committed 96292K, reserved 1132544K
  class space    used 11658K, capacity 12505K, committed 12544K, reserved 1048576K
}
Event: 117.004 GC heap after
{Heap after GC invocations=65 (full 0):
 garbage-first heap   total 199680K, used 101373K [0x0000000080000000, 0x0000000100000000)
  region size 1024K, 2 young (2048K), 2 survivors (2048K)
 Metaspace       used 93717K, capacity 96066K, committed 96292K, reserved 1132544K
  class space    used 11658K, capacity 12505K, committed 12544K, reserved 1048576K
}
Event: 117.266 GC heap before
{Heap before GC invocations=65 (full 0):
 garbage-first heap   total 199680K, used 107517K [0x0000000080000000, 0x0000000100000000)
  region size 1024K, 9 young (9216K), 2 survivors (2048K)
 Metaspace       used 94313K, capacity 96674K, committed 96804K, reserved 1134592K
  class space    used 11693K, capacity 12537K, committed 12544K, reserved 1048576K
}
Event: 117.283 GC heap after
{Heap after GC invocations=66 (full 0):
 garbage-first heap   total 199680K, used 90250K [0x0000000080000000, 0x0000000100000000)
  region size 1024K, 2 young (2048K), 2 survivors (2048K)
 Metaspace       used 94313K, capacity 96674K, committed 96804K, reserved 1134592K
  class space    used 11693K, capacity 12537K, committed 12544K, reserved 1048576K
}
Event: 118.598 GC heap before
{Heap before GC invocations=66 (full 0):
 garbage-first heap   total 199680K, used 137354K [0x0000000080000000, 0x0000000100000000)
  region size 1024K, 48 young (49152K), 2 survivors (2048K)
 Metaspace       used 94614K, capacity 96994K, committed 97060K, reserved 1134592K
  class space    used 11706K, capacity 12537K, committed 12544K, reserved 1048576K
}
Event: 118.606 GC heap after
{Heap after GC invocations=67 (full 0):
 garbage-first heap   total 199680K, used 89475K [0x0000000080000000, 0x0000000100000000)
  region size 1024K, 2 young (2048K), 2 survivors (2048K)
 Metaspace       used 94614K, capacity 96994K, committed 97060K, reserved 1134592K
  class space    used 11706K, capacity 12537K, committed 12544K, reserved 1048576K
}

Deoptimization events (20 events):
Event: 118.744 Thread 0x000001cb0e00c000 DEOPT PACKING pc=0x000001cb72a82762 sp=0x000000ae196fd9a0
Event: 118.744 Thread 0x000001cb0e00c000 DEOPT UNPACKING pc=0x000001cb7074683f sp=0x000000ae196fcec0 mode 0
Event: 118.749 Thread 0x000001cb0e007800 DEOPT PACKING pc=0x000001cb72a82762 sp=0x000000ae195fd790
Event: 118.750 Thread 0x000001cb0e007800 DEOPT UNPACKING pc=0x000001cb7074683f sp=0x000000ae195fccb0 mode 0
Event: 118.750 Thread 0x000001cb0e007800 Uncommon trap: trap_request=0xffffff4d fr.pc=0x000001cb789afff4 relative=0x00000000000005f4
Event: 118.750 Thread 0x000001cb0e007800 Uncommon trap: reason=unstable_if action=reinterpret pc=0x000001cb789afff4 method=com.sun.org.apache.xerces.internal.impl.io.UTF8Reader.read([CII)I @ 222 c2
Event: 118.750 Thread 0x000001cb0e007800 DEOPT PACKING pc=0x000001cb789afff4 sp=0x000000ae195fd870
Event: 118.750 Thread 0x000001cb0e007800 DEOPT UNPACKING pc=0x000001cb70746a29 sp=0x000000ae195fd7b0 mode 2
Event: 118.899 Thread 0x000001cb0e007800 DEOPT PACKING pc=0x000001cb72a82630 sp=0x000000ae195fd790
Event: 118.899 Thread 0x000001cb0e007800 DEOPT UNPACKING pc=0x000001cb7074683f sp=0x000000ae195fccb0 mode 0
Event: 118.913 Thread 0x000001cb0e00c000 DEOPT PACKING pc=0x000001cb72a82762 sp=0x000000ae196fd9a0
Event: 118.913 Thread 0x000001cb0e00c000 DEOPT UNPACKING pc=0x000001cb7074683f sp=0x000000ae196fcec0 mode 0
Event: 119.205 Thread 0x000001cb0e00c000 Uncommon trap: trap_request=0xffffff4d fr.pc=0x000001cb789cc08c relative=0x00000000000009cc
Event: 119.205 Thread 0x000001cb0e00c000 Uncommon trap: reason=unstable_if action=reinterpret pc=0x000001cb789cc08c method=com.sun.org.apache.xerces.internal.impl.io.UTF8Reader.read([CII)I @ 399 c2
Event: 119.205 Thread 0x000001cb0e00c000 DEOPT PACKING pc=0x000001cb789cc08c sp=0x000000ae196fce90
Event: 119.205 Thread 0x000001cb0e00c000 DEOPT UNPACKING pc=0x000001cb70746a29 sp=0x000000ae196fcdd0 mode 2
Event: 119.220 Thread 0x000001cb0e007800 Uncommon trap: trap_request=0xffffff4d fr.pc=0x000001cb78985900 relative=0x00000000000002c0
Event: 119.220 Thread 0x000001cb0e007800 Uncommon trap: reason=unstable_if action=reinterpret pc=0x000001cb78985900 method=com.google.protobuf.CodedOutputStream$OutputStreamEncoder.write([BII)V @ 114 c2
Event: 119.220 Thread 0x000001cb0e007800 DEOPT PACKING pc=0x000001cb78985900 sp=0x000000ae195fda00
Event: 119.220 Thread 0x000001cb0e007800 DEOPT UNPACKING pc=0x000001cb70746a29 sp=0x000000ae195fd9d0 mode 2

Classes redefined (0 events):
No events

Internal exceptions (20 events):
Event: 104.438 Thread 0x000001cb078e2800 Exception <a 'java/lang/NoSuchMethodError'{0x000000008867b818}: <clinit>> (0x000000008867b818) thrown at [./src/hotspot/share/prims/jni.cpp, line 1362]
Event: 104.440 Thread 0x000001cb078e2800 Exception <a 'java/lang/NoSuchMethodError'{0x000000008867ebd8}: <clinit>> (0x000000008867ebd8) thrown at [./src/hotspot/share/prims/jni.cpp, line 1362]
Event: 104.440 Thread 0x000001cb078e2800 Exception <a 'java/lang/NoSuchMethodError'{0x0000000088683db0}: <clinit>> (0x0000000088683db0) thrown at [./src/hotspot/share/prims/jni.cpp, line 1362]
Event: 104.444 Thread 0x000001cb078e2800 Exception <a 'java/lang/NoSuchMethodError'{0x000000008868fd48}: <clinit>> (0x000000008868fd48) thrown at [./src/hotspot/share/prims/jni.cpp, line 1362]
Event: 104.511 Thread 0x000001cb078e2800 Exception <a 'java/lang/NoSuchMethodError'{0x00000000885098a8}: <clinit>> (0x00000000885098a8) thrown at [./src/hotspot/share/prims/jni.cpp, line 1362]
Event: 104.536 Thread 0x000001cb078e2800 Exception <a 'java/lang/NoSuchMethodError'{0x0000000088543b78}: <clinit>> (0x0000000088543b78) thrown at [./src/hotspot/share/prims/jni.cpp, line 1362]
Event: 104.541 Thread 0x000001cb078e2800 Exception <a 'java/lang/NoSuchMethodError'{0x0000000088586e48}: <clinit>> (0x0000000088586e48) thrown at [./src/hotspot/share/prims/jni.cpp, line 1362]
Event: 104.541 Thread 0x000001cb078e2800 Exception <a 'java/lang/NoSuchMethodError'{0x000000008858aaa8}: <clinit>> (0x000000008858aaa8) thrown at [./src/hotspot/share/prims/jni.cpp, line 1362]
Event: 104.542 Thread 0x000001cb078e2800 Exception <a 'java/lang/NoSuchMethodError'{0x000000008858e1b8}: <clinit>> (0x000000008858e1b8) thrown at [./src/hotspot/share/prims/jni.cpp, line 1362]
Event: 104.544 Thread 0x000001cb078e2800 Exception <a 'java/lang/NoSuchMethodError'{0x00000000885ad688}: <clinit>> (0x00000000885ad688) thrown at [./src/hotspot/share/prims/jni.cpp, line 1362]
Event: 104.545 Thread 0x000001cb078e2800 Exception <a 'java/lang/NoSuchMethodError'{0x00000000885cb920}: <clinit>> (0x00000000885cb920) thrown at [./src/hotspot/share/prims/jni.cpp, line 1362]
Event: 104.548 Thread 0x000001cb078e2800 Exception <a 'java/lang/NoSuchMethodError'{0x00000000885fa4f8}: <clinit>> (0x00000000885fa4f8) thrown at [./src/hotspot/share/prims/jni.cpp, line 1362]
Event: 104.553 Thread 0x000001cb078e2800 Exception <a 'java/lang/NoSuchMethodError'{0x00000000884124a8}: <clinit>> (0x00000000884124a8) thrown at [./src/hotspot/share/prims/jni.cpp, line 1362]
Event: 104.907 Thread 0x000001cb078e2800 Exception <a 'java/lang/NoSuchMethodError'{0x0000000088141550}: <clinit>> (0x0000000088141550) thrown at [./src/hotspot/share/prims/jni.cpp, line 1362]
Event: 105.137 Thread 0x000001cb0e00c000 Exception <a 'java/lang/ClassNotFoundException'{0x0000000087d62b50}: sun/awt/resources/spi/awtProvider> (0x0000000087d62b50) thrown at [./src/hotspot/share/classfile/systemDictionary.cpp, line 231]
Event: 105.149 Thread 0x000001cb0e00c000 Exception <a 'java/io/FileNotFoundException'{0x0000000087c7b870}> (0x0000000087c7b870) thrown at [./src/hotspot/share/prims/jni.cpp, line 615]
Event: 105.149 Thread 0x000001cb0e00c000 Exception <a 'java/io/FileNotFoundException'{0x0000000087c7f928}> (0x0000000087c7f928) thrown at [./src/hotspot/share/prims/jni.cpp, line 615]
Event: 110.143 Thread 0x000001cb078e2800 Implicit null exception at 0x000001cb785ba76f to 0x000001cb785bac00
Event: 114.378 Thread 0x000001cb078e2800 Implicit null exception at 0x000001cb7889dd9a to 0x000001cb788a3668
Event: 114.952 Thread 0x000001cb078e2800 Exception <a 'java/lang/NoSuchMethodError'{0x0000000089d71078}: <clinit>> (0x0000000089d71078) thrown at [./src/hotspot/share/prims/jni.cpp, line 1362]

Events (20 events):
Event: 119.185 loading class kotlin/io/ByteStreamsKt
Event: 119.185 loading class kotlin/io/ByteStreamsKt done
Event: 119.186 loading class kotlin/io/ByteStreamsKt
Event: 119.186 loading class kotlin/io/ByteStreamsKt done
Event: 119.210 loading class android/aapt/pb/internal/ResourcesInternal$CompiledFile
Event: 119.210 loading class android/aapt/pb/internal/ResourcesInternal$CompiledFile done
Event: 119.211 loading class android/aapt/pb/internal/ResourcesInternal$CompiledFileOrBuilder
Event: 119.211 loading class android/aapt/pb/internal/ResourcesInternal$CompiledFileOrBuilder done
Event: 119.212 loading class android/aapt/pb/internal/ResourcesInternal$CompiledFile$1
Event: 119.212 loading class android/aapt/pb/internal/ResourcesInternal$CompiledFile$1 done
Event: 119.213 loading class android/aapt/pb/internal/ResourcesInternal$CompiledFile$Builder
Event: 119.213 loading class android/aapt/pb/internal/ResourcesInternal$CompiledFile$Builder done
Event: 119.215 loading class android/aapt/pb/internal/ResourcesInternal$CompiledFile$Symbol
Event: 119.215 loading class android/aapt/pb/internal/ResourcesInternal$CompiledFile$Symbol done
Event: 119.215 loading class android/aapt/pb/internal/ResourcesInternal$CompiledFile$SymbolOrBuilder
Event: 119.215 loading class android/aapt/pb/internal/ResourcesInternal$CompiledFile$SymbolOrBuilder done
Event: 119.218 loading class com/android/aapt/Resources$FileReference$Type
Event: 119.218 loading class com/android/aapt/Resources$FileReference$Type done
Event: 119.219 loading class com/android/aapt/Resources$FileReference$Type$1
Event: 119.219 loading class com/android/aapt/Resources$FileReference$Type$1 done


Dynamic libraries:
0x00007ff774330000 - 0x00007ff77433a000 	C:\Program Files\Android\Android Studio\jre\bin\java.exe
0x00007ffe78000000 - 0x00007ffe781e1000 	C:\Windows\SYSTEM32\ntdll.dll
0x00007ffe77e20000 - 0x00007ffe77ed1000 	C:\Windows\System32\KERNEL32.DLL
0x00007ffe75140000 - 0x00007ffe753b3000 	C:\Windows\System32\KERNELBASE.dll
0x00007ffe743c0000 - 0x00007ffe744b8000 	C:\Windows\System32\ucrtbase.dll
0x00007ffe70c50000 - 0x00007ffe70c67000 	C:\Program Files\Android\Android Studio\jre\bin\VCRUNTIME140.dll
0x00007ffe6a050000 - 0x00007ffe6a069000 	C:\Program Files\Android\Android Studio\jre\bin\jli.dll
0x00007ffe60d60000 - 0x00007ffe60fc9000 	C:\Windows\WinSxS\amd64_microsoft.windows.common-controls_6595b64144ccf1df_6.0.17134.1304_none_d3fbe61b7c93d9f0\COMCTL32.dll
0x00007ffe77700000 - 0x00007ffe77890000 	C:\Windows\System32\USER32.dll
0x00007ffe77530000 - 0x00007ffe775ce000 	C:\Windows\System32\msvcrt.dll
0x00007ffe75460000 - 0x00007ffe75480000 	C:\Windows\System32\win32u.dll
0x00007ffe76fd0000 - 0x00007ffe772f1000 	C:\Windows\System32\combase.dll
0x00007ffe77380000 - 0x00007ffe773a8000 	C:\Windows\System32\GDI32.dll
0x00007ffe74510000 - 0x00007ffe746a1000 	C:\Windows\System32\gdi32full.dll
0x00007ffe775d0000 - 0x00007ffe776f4000 	C:\Windows\System32\RPCRT4.dll
0x00007ffe753c0000 - 0x00007ffe7545f000 	C:\Windows\System32\msvcp_win.dll
0x00007ffe749b0000 - 0x00007ffe74a29000 	C:\Windows\System32\bcryptPrimitives.dll
0x00007ffe76ed0000 - 0x00007ffe76efd000 	C:\Windows\System32\IMM32.DLL
0x00007ffe69fb0000 - 0x00007ffe6a04d000 	C:\Program Files\Android\Android Studio\jre\bin\msvcp140.dll
0x00007ffe35b00000 - 0x00007ffe365cf000 	C:\Program Files\Android\Android Studio\jre\bin\server\jvm.dll
0x00007ffe77890000 - 0x00007ffe77931000 	C:\Windows\System32\ADVAPI32.dll
0x00007ffe76e70000 - 0x00007ffe76ecb000 	C:\Windows\System32\sechost.dll
0x00007ffe773b0000 - 0x00007ffe773b8000 	C:\Windows\System32\PSAPI.DLL
0x00007ffe6a070000 - 0x00007ffe6a07a000 	C:\Windows\SYSTEM32\VERSION.dll
0x00007ffe72450000 - 0x00007ffe72473000 	C:\Windows\SYSTEM32\WINMM.dll
0x00007ffe63790000 - 0x00007ffe63799000 	C:\Windows\SYSTEM32\WSOCK32.dll
0x00007ffe77f60000 - 0x00007ffe77fcc000 	C:\Windows\System32\WS2_32.dll
0x00007ffe72420000 - 0x00007ffe7244a000 	C:\Windows\SYSTEM32\WINMMBASE.dll
0x00007ffe744c0000 - 0x00007ffe74509000 	C:\Windows\System32\cfgmgr32.dll
0x00007ffe74300000 - 0x00007ffe74311000 	C:\Windows\System32\kernel.appcore.dll
0x00007ffe6d640000 - 0x00007ffe6d651000 	C:\Program Files\Android\Android Studio\jre\bin\verify.dll
0x00007ffe635b0000 - 0x00007ffe63779000 	C:\Windows\SYSTEM32\DBGHELP.DLL
0x00007ffe63580000 - 0x00007ffe635a9000 	C:\Windows\SYSTEM32\dbgcore.DLL
0x00007ffe6d610000 - 0x00007ffe6d639000 	C:\Program Files\Android\Android Studio\jre\bin\java.dll
0x00007ffe71e60000 - 0x00007ffe71e6b000 	C:\Program Files\Android\Android Studio\jre\bin\jimage.dll
0x00007ffe6d5f0000 - 0x00007ffe6d608000 	C:\Program Files\Android\Android Studio\jre\bin\zip.dll
0x00007ffe75480000 - 0x00007ffe768c5000 	C:\Windows\System32\SHELL32.dll
0x00007ffe76970000 - 0x00007ffe76a19000 	C:\Windows\System32\shcore.dll
0x00007ffe74a30000 - 0x00007ffe75140000 	C:\Windows\System32\windows.storage.dll
0x00007ffe77320000 - 0x00007ffe77371000 	C:\Windows\System32\shlwapi.dll
0x00007ffe74350000 - 0x00007ffe7436f000 	C:\Windows\System32\profapi.dll
0x00007ffe74370000 - 0x00007ffe743bc000 	C:\Windows\System32\powrprof.dll
0x00007ffe74340000 - 0x00007ffe7434a000 	C:\Windows\System32\FLTLIB.DLL
0x00007ffe6d5d0000 - 0x00007ffe6d5ea000 	C:\Program Files\Android\Android Studio\jre\bin\net.dll
0x00007ffe6e4a0000 - 0x00007ffe6e57d000 	C:\Windows\SYSTEM32\WINHTTP.dll
0x00007ffe73b80000 - 0x00007ffe73be6000 	C:\Windows\system32\mswsock.dll
0x00007ffe6d5b0000 - 0x00007ffe6d5c4000 	C:\Program Files\Android\Android Studio\jre\bin\nio.dll
0x00007ffe6a840000 - 0x00007ffe6a867000 	H:\Apps\codecanyon-25544052-spin-to-win-earn\Android Project\.gradle\5.4.1\native\8bec1ad78214c89d9ad589b4d07fe93259594b29d510b10fafb7a158f7737e5d\windows-amd64\native-platform.dll
0x00007ffe6a700000 - 0x00007ffe6a83d000 	H:\Apps\codecanyon-25544052-spin-to-win-earn\Android Project\.gradle\5.4.1\native\53dbd7edfb1c66fb8903c78663c9afc45aea4f116125fa6feffd364cf09443e8\windows-amd64\native-platform-file-events.dll
0x00007ffe6d5a0000 - 0x00007ffe6d5aa000 	C:\Program Files\Android\Android Studio\jre\bin\management.dll
0x00007ffe6d590000 - 0x00007ffe6d59c000 	C:\Program Files\Android\Android Studio\jre\bin\management_ext.dll
0x00007ffe73d30000 - 0x00007ffe73d47000 	C:\Windows\SYSTEM32\CRYPTSP.dll
0x00007ffe736d0000 - 0x00007ffe73703000 	C:\Windows\system32\rsaenh.dll
0x00007ffe73e60000 - 0x00007ffe73e85000 	C:\Windows\SYSTEM32\bcrypt.dll
0x00007ffe74200000 - 0x00007ffe74228000 	C:\Windows\SYSTEM32\USERENV.dll
0x00007ffe73d50000 - 0x00007ffe73d5b000 	C:\Windows\SYSTEM32\CRYPTBASE.dll
0x00007ffe738d0000 - 0x00007ffe73908000 	C:\Windows\SYSTEM32\IPHLPAPI.DLL
0x00007ffe77310000 - 0x00007ffe77318000 	C:\Windows\System32\NSI.dll
0x00007ffe6e9b0000 - 0x00007ffe6e9c6000 	C:\Windows\SYSTEM32\dhcpcsvc6.DLL
0x00007ffe6e990000 - 0x00007ffe6e9aa000 	C:\Windows\SYSTEM32\dhcpcsvc.DLL
0x00007ffe5fd10000 - 0x00007ffe5feb4000 	C:\Program Files\Android\Android Studio\jre\bin\awt.dll
0x00007ffe76f00000 - 0x00007ffe76fc2000 	C:\Windows\System32\OLEAUT32.dll
0x00007ffe72b20000 - 0x00007ffe72b49000 	C:\Windows\SYSTEM32\dwmapi.dll
0x00007ffe72660000 - 0x00007ffe726eb000 	C:\Windows\SYSTEM32\apphelp.dll
0x00007ffe727e0000 - 0x00007ffe72878000 	C:\Windows\system32\uxtheme.dll

dbghelp: loaded successfully - version: 4.0.5 - missing functions: none
symbol engine: initialized successfully - sym options: 0x614 - pdb path: .;C:\Program Files\Android\Android Studio\jre\bin;C:\Windows\SYSTEM32;C:\Windows\WinSxS\amd64_microsoft.windows.common-controls_6595b64144ccf1df_6.0.17134.1304_none_d3fbe61b7c93d9f0;C:\Program Files\Android\Android Studio\jre\bin\server;H:\Apps\codecanyon-25544052-spin-to-win-earn\Android Project\.gradle\5.4.1\native\8bec1ad78214c89d9ad589b4d07fe93259594b29d510b10fafb7a158f7737e5d\windows-amd64;H:\Apps\codecanyon-25544052-spin-to-win-earn\Android Project\.gradle\5.4.1\native\53dbd7edfb1c66fb8903c78663c9afc45aea4f116125fa6feffd364cf09443e8\windows-amd64

VM Arguments:
jvm_args: --add-opens=java.base/java.util=ALL-UNNAMED --add-opens=java.base/java.lang=ALL-UNNAMED --add-opens=java.base/java.lang.invoke=ALL-UNNAMED --add-opens=java.base/java.util=ALL-UNNAMED --add-opens=java.prefs/java.util.prefs=ALL-UNNAMED --add-opens=java.prefs/java.util.prefs=ALL-UNNAMED --add-opens=java.base/java.nio.charset=ALL-UNNAMED --add-opens=java.base/java.net=ALL-UNNAMED --add-opens=java.base/java.util.concurrent.atomic=ALL-UNNAMED -Xmx2048m -Dfile.encoding=UTF-8 -Duser.country=US -Duser.language=en -Duser.variant 
java_command: org.gradle.launcher.daemon.bootstrap.GradleDaemon 7.0.2
java_class_path (initial): H:\Apps\codecanyon-25544052-spin-to-win-earn\Android Project\.gradle\5.4.1\wrapper\dists\gradle-7.0.2-bin\857tjihv64xamwrf0h14cai3r\gradle-7.0.2\lib\gradle-launcher-7.0.2.jar
Launcher Type: SUN_STANDARD

[Global flags]
     intx CICompilerCount                          = 2                                         {product} {ergonomic}
     uint ConcGCThreads                            = 1                                         {product} {ergonomic}
     uint G1ConcRefinementThreads                  = 2                                         {product} {ergonomic}
   size_t G1HeapRegionSize                         = 1048576                                   {product} {ergonomic}
    uintx GCDrainStackTargetSize                   = 64                                        {product} {ergonomic}
   size_t InitialHeapSize                          = 67108864                                  {product} {ergonomic}
   size_t MarkStackSize                            = 4194304                                   {product} {ergonomic}
   size_t MaxHeapSize                              = 2147483648                                {product} {command line}
   size_t MaxNewSize                               = 1287651328                                {product} {ergonomic}
   size_t MinHeapDeltaBytes                        = 1048576                                   {product} {ergonomic}
    uintx NonNMethodCodeHeapSize                   = 5825164                                {pd product} {ergonomic}
    uintx NonProfiledCodeHeapSize                  = 122916538                              {pd product} {ergonomic}
    uintx ProfiledCodeHeapSize                     = 122916538                              {pd product} {ergonomic}
    uintx ReservedCodeCacheSize                    = 251658240                              {pd product} {ergonomic}
     bool SegmentedCodeCache                       = true                                      {product} {ergonomic}
     bool UseCompressedClassPointers               = true                                 {lp64_product} {ergonomic}
     bool UseCompressedOops                        = true                                 {lp64_product} {ergonomic}
     bool UseG1GC                                  = true                                      {product} {ergonomic}
     bool UseLargePagesIndividualAllocation        = false                                  {pd product} {ergonomic}

Logging:
Log output configuration:
 #0: stdout all=warning uptime,level,tags
 #1: stderr all=off uptime,level,tags

Environment Variables:
JAVA_HOME=C:\Program Files\Java\jdk-14.0.2
PATH=C:\Program Files (x86)\Common Files\Intel\Shared Libraries\redist\intel64\compiler;C:\Program Files (x86)\Common Files\Oracle\Java\javapath;C:\Program Files (x86)\Common Files\ArcSoft\Bin;C:\Windows\system32;C:\Windows;C:\Windows\System32\Wbem;C:\Windows\System32\WindowsPowerShell\v1.0\;C:\Windows\System32\OpenSSH\;c:\Program Files\Intel\WiFi\bin\;c:\Program Files\Common Files\Intel\WirelessCommon\;C:\Program Files\Java\jdk-14.0.2\bin;C:\Program Files\Git\cmd;C:\Program Files\nodejs\;C:\Users\sc\AppData\Local\Programs\Python\Python39;C:\Users\sc\AppData\Roaming\npm;C:\Users\sc\AppData\Local\Programs\Microsoft VS Code\bin;C:\Program Files\nodejs;
USERNAME=nahid
OS=Windows_NT
PROCESSOR_IDENTIFIER=Intel64 Family 6 Model 15 Stepping 11, GenuineIntel



---------------  S Y S T E M  ---------------

OS: Windows 10 , 64 bit Build 17134 (10.0.17134.753)
OS uptime: 0 days 0:22 hours

CPU:total 2 (initial active 2) (2 cores per cpu, 1 threads per core) family 6 model 15 stepping 11 microcode 0xc1, cmov, cx8, fxsr, mmx, sse, sse2, sse3, ssse3, tsc

Memory: 4k page, system-wide physical 4061M (731M free)
TotalPageFile size 11485M (AvailPageFile size 7253M)
current process WorkingSet (physical memory assigned to process): 455M, peak: 457M
current process commit charge ("private bytes"): 478M, peak: 480M

vm_info: OpenJDK 64-Bit Server VM (11.0.10+0-b96-7249189) for windows-amd64 JRE (11.0.10+0-b96-7249189), built on Mar 31 2021 21:44:00 by "builder" with MS VC++ 14.0 (VS2015)

END.
